<?xml version="1.0" encoding="UTF-8"?>
<coverage generated="1736399476486" clover="3.2.0">
  <project timestamp="1736399476486" name="All files">
    <metrics statements="4" coveredstatements="3" conditionals="0" coveredconditionals="0" methods="3" coveredmethods="3" elements="7" coveredelements="6" complexity="0" loc="4" ncloc="4" packages="1" files="3" classes="3"/>
    <file name="App.tsx" path="C:\proje\scheduler-component\src\App.tsx">
      <metrics statements="3" coveredstatements="3" conditionals="0" coveredconditionals="0" methods="3" coveredmethods="3"/>
      <line num="7" count="3" type="stmt"/>
      <line num="9" count="3" type="stmt"/>
      <line num="23" count="1" type="stmt"/>
    </file>
    <file name="main.tsx" path="C:\proje\scheduler-component\src\main.tsx">
      <metrics statements="1" coveredstatements="0" conditionals="0" coveredconditionals="0" methods="0" coveredmethods="0"/>
      <line num="6" count="0" type="stmt"/>
    </file>
    <file name="vite-env.d.ts" path="C:\proje\scheduler-component\src\vite-env.d.ts">
      <metrics statements="0" coveredstatements="0" conditionals="0" coveredconditionals="0" methods="0" coveredmethods="0"/>
    </file>
  </project>
</coverage>
