{"C:\\proje\\scheduler-component\\src\\App.tsx": {"path":"C:\\proje\\scheduler-component\\src\\App.tsx","statementMap":{"0":{"start":{"line":7,"column":28},"end":{"line":7,"column":39}},"1":{"start":{"line":9,"column":2},"end":{"line":30,"column":4}},"2":{"start":{"line":23,"column":31},"end":{"line":23,"column":61}},"3":{"start":{"line":23,"column":51},"end":{"line":23,"column":60}}},"fnMap":{"0":{"name":"App","decl":{"start":{"line":6,"column":9},"end":{"line":6,"column":12}},"loc":{"start":{"line":6,"column":15},"end":{"line":31,"column":1}},"line":6},"1":{"name":"(anonymous_1)","decl":{"start":{"line":23,"column":25},"end":{"line":23,"column":26}},"loc":{"start":{"line":23,"column":31},"end":{"line":23,"column":61}},"line":23},"2":{"name":"(anonymous_2)","decl":{"start":{"line":23,"column":40},"end":{"line":23,"column":41}},"loc":{"start":{"line":23,"column":51},"end":{"line":23,"column":60}},"line":23}},"branchMap":{},"s":{"0":3,"1":3,"2":1,"3":1},"f":{"0":3,"1":1,"2":1},"b":{},"_coverageSchema":"1a1c01bbd47fc00a2c39e90264f33305004495a9","hash":"568a9a0862f27ef784669c0919cf68546a0a9e68"}
,"C:\\proje\\scheduler-component\\src\\main.tsx": {"path":"C:\\proje\\scheduler-component\\src\\main.tsx","statementMap":{"0":{"start":{"line":6,"column":0},"end":{"line":10,"column":2}}},"fnMap":{},"branchMap":{},"s":{"0":0},"f":{},"b":{}}
,"C:\\proje\\scheduler-component\\src\\vite-env.d.ts": {"path":"C:\\proje\\scheduler-component\\src\\vite-env.d.ts","statementMap":{},"fnMap":{},"branchMap":{},"s":{},"f":{},"b":{}}
}
